<?xml version="1.0" encoding="UTF-8"?>
<testng-results skipped="0" failed="0" ignored="0" total="1" passed="1">
  <reporter-output>
  </reporter-output>
  <suite name="Default suite" duration-ms="86" started-at="2018-01-10T20:33:51Z" finished-at="2018-01-10T20:33:51Z">
    <groups>
    </groups>
    <test name="Default test" duration-ms="86" started-at="2018-01-10T20:33:51Z" finished-at="2018-01-10T20:33:51Z">
      <class name="edu.university.pathwaycommons.PathwayCommons.pathwayCommonTest">
        <test-method status="PASS" signature="test()[pri:0, instance:null(edu.university.pathwaycommons.PathwayCommons.pathwayCommonTest)]" name="test" duration-ms="26" started-at="2018-01-10T22:33:51Z" finished-at="2018-01-10T22:33:51Z">
          <reporter-output>
          </reporter-output>
        </test-method> <!-- test -->
      </class> <!-- edu.university.pathwaycommons.PathwayCommons.pathwayCommonTest -->
    </test> <!-- Default test -->
  </suite> <!-- Default suite -->
</testng-results>
